<?xml version="1.0" encoding="UTF-8"?>
<testng-results total="5" passed="0" failed="5" skipped="0">
  <reporter-output>
  </reporter-output>
  <suite started-at="2023-09-07T16:24:14Z" name="Default suite" finished-at="2023-09-07T16:24:22Z" duration-ms="7736">
    <groups>
      <group name="cucumber">
        <method signature="AbstractTestNGCucumberTests.runScenario(io.cucumber.testng.PickleWrapper, io.cucumber.testng.FeatureWrapper)[pri:0, instance:testRunner.Runner@480d3575]" name="runScenario" class="io.cucumber.testng.AbstractTestNGCucumberTests"/>
      </group> <!-- cucumber -->
    </groups>
    <test started-at="2023-09-07T16:24:14Z" name="Default test" finished-at="2023-09-07T16:24:22Z" duration-ms="7736">
      <class name="testRunner.Runner">
        <test-method is-config="true" signature="setUpClass()[pri:0, instance:testRunner.Runner@480d3575]" started-at="2023-09-07T21:54:14Z" name="setUpClass" finished-at="2023-09-07T21:54:15Z" duration-ms="781" status="PASS">
          <reporter-output>
          </reporter-output>
        </test-method> <!-- setUpClass -->
        <test-method signature="runScenario(io.cucumber.testng.PickleWrapper, io.cucumber.testng.FeatureWrapper)[pri:0, instance:testRunner.Runner@480d3575]" started-at="2023-09-07T21:54:15Z" name="runScenario" description="Runs Cucumber Scenarios" data-provider="scenarios" finished-at="2023-09-07T21:54:15Z" duration-ms="452" status="FAIL">
          <params>
            <param index="0">
              <value>
                <![CDATA[""]]>
              </value>
            </param>
            <param index="1">
              <value>
                <![CDATA["Optional[Verify Inventory Page add to cart functionality]"]]>
              </value>
            </param>
          </params>
          <exception class="java.lang.NullPointerException">
            <message>
              <![CDATA[Cannot invoke "java.util.Properties.getProperty(String)" because "this.properties" is null]]>
            </message>
            <full-stacktrace>
              <![CDATA[java.lang.NullPointerException: Cannot invoke "java.util.Properties.getProperty(String)" because "this.properties" is null
	at utilities.SeleniumUtility.getValueFromPropertyFile(SeleniumUtility.java:71)
	at stepDefinitions.loginStepDefinition.user_is_already_on_login_page(loginStepDefinition.java:24)
	at ✽.User is already on login page(file:///G:/Software%20Testing/Workspace/SwagLabsProject/./src/test/resources/features/inventoryPage.feature:4)
]]>
            </full-stacktrace>
          </exception> <!-- java.lang.NullPointerException -->
          <reporter-output>
          </reporter-output>
        </test-method> <!-- runScenario -->
        <test-method signature="runScenario(io.cucumber.testng.PickleWrapper, io.cucumber.testng.FeatureWrapper)[pri:0, instance:testRunner.Runner@480d3575]" started-at="2023-09-07T21:54:15Z" name="runScenario" description="Runs Cucumber Scenarios" data-provider="scenarios" finished-at="2023-09-07T21:54:15Z" duration-ms="95" status="FAIL">
          <params>
            <param index="0">
              <value>
                <![CDATA["Verify login functionality with accepted username and password for all user"]]>
              </value>
            </param>
            <param index="1">
              <value>
                <![CDATA["Optional[Login Functionality]"]]>
              </value>
            </param>
          </params>
          <exception class="java.lang.NullPointerException">
            <message>
              <![CDATA[Cannot invoke "java.util.Properties.getProperty(String)" because "this.properties" is null]]>
            </message>
            <full-stacktrace>
              <![CDATA[java.lang.NullPointerException: Cannot invoke "java.util.Properties.getProperty(String)" because "this.properties" is null
	at utilities.SeleniumUtility.getValueFromPropertyFile(SeleniumUtility.java:71)
	at stepDefinitions.loginStepDefinition.user_is_already_on_login_page(loginStepDefinition.java:24)
	at ✽.User is already on login page(file:///G:/Software%20Testing/Workspace/SwagLabsProject/./src/test/resources/features/loginFeature.feature:4)
]]>
            </full-stacktrace>
          </exception> <!-- java.lang.NullPointerException -->
          <reporter-output>
          </reporter-output>
        </test-method> <!-- runScenario -->
        <test-method signature="runScenario(io.cucumber.testng.PickleWrapper, io.cucumber.testng.FeatureWrapper)[pri:0, instance:testRunner.Runner@480d3575]" started-at="2023-09-07T21:54:15Z" name="runScenario" description="Runs Cucumber Scenarios" data-provider="scenarios" finished-at="2023-09-07T21:54:15Z" duration-ms="42" status="FAIL">
          <params>
            <param index="0">
              <value>
                <![CDATA["Verify login functionality with accepted username and password for all user"]]>
              </value>
            </param>
            <param index="1">
              <value>
                <![CDATA["Optional[Login Functionality]"]]>
              </value>
            </param>
          </params>
          <exception class="java.lang.NullPointerException">
            <message>
              <![CDATA[Cannot invoke "java.util.Properties.getProperty(String)" because "this.properties" is null]]>
            </message>
            <full-stacktrace>
              <![CDATA[java.lang.NullPointerException: Cannot invoke "java.util.Properties.getProperty(String)" because "this.properties" is null
	at utilities.SeleniumUtility.getValueFromPropertyFile(SeleniumUtility.java:71)
	at stepDefinitions.loginStepDefinition.user_is_already_on_login_page(loginStepDefinition.java:24)
	at ✽.User is already on login page(file:///G:/Software%20Testing/Workspace/SwagLabsProject/./src/test/resources/features/loginFeature.feature:4)
]]>
            </full-stacktrace>
          </exception> <!-- java.lang.NullPointerException -->
          <reporter-output>
          </reporter-output>
        </test-method> <!-- runScenario -->
        <test-method signature="runScenario(io.cucumber.testng.PickleWrapper, io.cucumber.testng.FeatureWrapper)[pri:0, instance:testRunner.Runner@480d3575]" started-at="2023-09-07T21:54:15Z" name="runScenario" description="Runs Cucumber Scenarios" data-provider="scenarios" finished-at="2023-09-07T21:54:15Z" duration-ms="32" status="FAIL">
          <params>
            <param index="0">
              <value>
                <![CDATA["Verify login functionality with accepted username and password for all user"]]>
              </value>
            </param>
            <param index="1">
              <value>
                <![CDATA["Optional[Login Functionality]"]]>
              </value>
            </param>
          </params>
          <exception class="java.lang.NullPointerException">
            <message>
              <![CDATA[Cannot invoke "java.util.Properties.getProperty(String)" because "this.properties" is null]]>
            </message>
            <full-stacktrace>
              <![CDATA[java.lang.NullPointerException: Cannot invoke "java.util.Properties.getProperty(String)" because "this.properties" is null
	at utilities.SeleniumUtility.getValueFromPropertyFile(SeleniumUtility.java:71)
	at stepDefinitions.loginStepDefinition.user_is_already_on_login_page(loginStepDefinition.java:24)
	at ✽.User is already on login page(file:///G:/Software%20Testing/Workspace/SwagLabsProject/./src/test/resources/features/loginFeature.feature:4)
]]>
            </full-stacktrace>
          </exception> <!-- java.lang.NullPointerException -->
          <reporter-output>
          </reporter-output>
        </test-method> <!-- runScenario -->
        <test-method signature="runScenario(io.cucumber.testng.PickleWrapper, io.cucumber.testng.FeatureWrapper)[pri:0, instance:testRunner.Runner@480d3575]" started-at="2023-09-07T21:54:15Z" name="runScenario" description="Runs Cucumber Scenarios" data-provider="scenarios" finished-at="2023-09-07T21:54:15Z" duration-ms="68" status="FAIL">
          <params>
            <param index="0">
              <value>
                <![CDATA["Verify login functionality with accepted username and password for all user"]]>
              </value>
            </param>
            <param index="1">
              <value>
                <![CDATA["Optional[Login Functionality]"]]>
              </value>
            </param>
          </params>
          <exception class="java.lang.NullPointerException">
            <message>
              <![CDATA[Cannot invoke "java.util.Properties.getProperty(String)" because "this.properties" is null]]>
            </message>
            <full-stacktrace>
              <![CDATA[java.lang.NullPointerException: Cannot invoke "java.util.Properties.getProperty(String)" because "this.properties" is null
	at utilities.SeleniumUtility.getValueFromPropertyFile(SeleniumUtility.java:71)
	at stepDefinitions.loginStepDefinition.user_is_already_on_login_page(loginStepDefinition.java:24)
	at ✽.User is already on login page(file:///G:/Software%20Testing/Workspace/SwagLabsProject/./src/test/resources/features/loginFeature.feature:4)
]]>
            </full-stacktrace>
          </exception> <!-- java.lang.NullPointerException -->
          <reporter-output>
          </reporter-output>
        </test-method> <!-- runScenario -->
        <test-method is-config="true" signature="tearDownClass()[pri:0, instance:testRunner.Runner@480d3575]" started-at="2023-09-07T21:54:15Z" name="tearDownClass" finished-at="2023-09-07T21:54:22Z" duration-ms="6216" status="PASS">
          <reporter-output>
          </reporter-output>
        </test-method> <!-- tearDownClass -->
      </class> <!-- testRunner.Runner -->
    </test> <!-- Default test -->
  </suite> <!-- Default suite -->
</testng-results>
