<?xml version="1.0" encoding="UTF-8"?>
<!-- Generated by org.testng.reporters.JUnitXMLReporter -->
<testsuite hostname="DESKTOP-PQCQ9QI" failures="5" tests="5" name="Default test" time="7.736" errors="0" timestamp="7 Sep 2023 16:24:22 GMT">
  <testcase classname="testRunner.Runner" name="runScenario" time="0.452">
    <failure type="java.lang.NullPointerException" message="Cannot invoke &amp;quot;java.util.Properties.getProperty(String)&amp;quot; because &amp;quot;this.properties&amp;quot; is null">
      <![CDATA[java.lang.NullPointerException: Cannot invoke "java.util.Properties.getProperty(String)" because "this.properties" is null
	at utilities.SeleniumUtility.getValueFromPropertyFile(SeleniumUtility.java:71)
	at stepDefinitions.loginStepDefinition.user_is_already_on_login_page(loginStepDefinition.java:24)
	at ✽.User is already on login page(file:///G:/Software%20Testing/Workspace/SwagLabsProject/./src/test/resources/features/inventoryPage.feature:4)
]]>
    </failure>
  </testcase> <!-- runScenario -->
  <testcase classname="testRunner.Runner" name="runScenario" time="0.095">
    <failure type="java.lang.NullPointerException" message="Cannot invoke &amp;quot;java.util.Properties.getProperty(String)&amp;quot; because &amp;quot;this.properties&amp;quot; is null">
      <![CDATA[java.lang.NullPointerException: Cannot invoke "java.util.Properties.getProperty(String)" because "this.properties" is null
	at utilities.SeleniumUtility.getValueFromPropertyFile(SeleniumUtility.java:71)
	at stepDefinitions.loginStepDefinition.user_is_already_on_login_page(loginStepDefinition.java:24)
	at ✽.User is already on login page(file:///G:/Software%20Testing/Workspace/SwagLabsProject/./src/test/resources/features/loginFeature.feature:4)
]]>
    </failure>
  </testcase> <!-- runScenario -->
  <testcase classname="testRunner.Runner" name="runScenario" time="0.042">
    <failure type="java.lang.NullPointerException" message="Cannot invoke &amp;quot;java.util.Properties.getProperty(String)&amp;quot; because &amp;quot;this.properties&amp;quot; is null">
      <![CDATA[java.lang.NullPointerException: Cannot invoke "java.util.Properties.getProperty(String)" because "this.properties" is null
	at utilities.SeleniumUtility.getValueFromPropertyFile(SeleniumUtility.java:71)
	at stepDefinitions.loginStepDefinition.user_is_already_on_login_page(loginStepDefinition.java:24)
	at ✽.User is already on login page(file:///G:/Software%20Testing/Workspace/SwagLabsProject/./src/test/resources/features/loginFeature.feature:4)
]]>
    </failure>
  </testcase> <!-- runScenario -->
  <testcase classname="testRunner.Runner" name="runScenario" time="0.032">
    <failure type="java.lang.NullPointerException" message="Cannot invoke &amp;quot;java.util.Properties.getProperty(String)&amp;quot; because &amp;quot;this.properties&amp;quot; is null">
      <![CDATA[java.lang.NullPointerException: Cannot invoke "java.util.Properties.getProperty(String)" because "this.properties" is null
	at utilities.SeleniumUtility.getValueFromPropertyFile(SeleniumUtility.java:71)
	at stepDefinitions.loginStepDefinition.user_is_already_on_login_page(loginStepDefinition.java:24)
	at ✽.User is already on login page(file:///G:/Software%20Testing/Workspace/SwagLabsProject/./src/test/resources/features/loginFeature.feature:4)
]]>
    </failure>
  </testcase> <!-- runScenario -->
  <testcase classname="testRunner.Runner" name="runScenario" time="0.068">
    <failure type="java.lang.NullPointerException" message="Cannot invoke &amp;quot;java.util.Properties.getProperty(String)&amp;quot; because &amp;quot;this.properties&amp;quot; is null">
      <![CDATA[java.lang.NullPointerException: Cannot invoke "java.util.Properties.getProperty(String)" because "this.properties" is null
	at utilities.SeleniumUtility.getValueFromPropertyFile(SeleniumUtility.java:71)
	at stepDefinitions.loginStepDefinition.user_is_already_on_login_page(loginStepDefinition.java:24)
	at ✽.User is already on login page(file:///G:/Software%20Testing/Workspace/SwagLabsProject/./src/test/resources/features/loginFeature.feature:4)
]]>
    </failure>
  </testcase> <!-- runScenario -->
</testsuite> <!-- Default test -->
